c:\github\gamepg_2018\tkengine2\sample\lesson13_answer\tkengine\effekseerruntime130\src\effekseerrendererdx11\release\effekseerrenderer.ddstextureloader.obj
c:\github\gamepg_2018\tkengine2\sample\lesson13_answer\tkengine\effekseerruntime130\src\effekseerrendererdx11\release\effekseerrenderer.renderer.obj
c:\github\gamepg_2018\tkengine2\sample\lesson13_answer\tkengine\effekseerruntime130\src\effekseerrendererdx11\release\effekseerrenderer.ringrendererbase.obj
c:\github\gamepg_2018\tkengine2\sample\lesson13_answer\tkengine\effekseerruntime130\src\effekseerrendererdx11\release\effekseerrendererdx11.deviceobject.obj
c:\github\gamepg_2018\tkengine2\sample\lesson13_answer\tkengine\effekseerruntime130\src\effekseerrendererdx11\release\effekseerrendererdx11.renderer.obj
c:\github\gamepg_2018\tkengine2\sample\lesson13_answer\tkengine\effekseerruntime130\src\effekseerrendererdx11\release\effekseerrenderer.modelrendererbase.obj
c:\github\gamepg_2018\tkengine2\sample\lesson13_answer\tkengine\effekseerruntime130\src\effekseerrendererdx11\release\effekseerrenderer.ribbonrendererbase.obj
c:\github\gamepg_2018\tkengine2\sample\lesson13_answer\tkengine\effekseerruntime130\src\effekseerrendererdx11\release\effekseerrenderer.trackrendererbase.obj
c:\github\gamepg_2018\tkengine2\sample\lesson13_answer\tkengine\effekseerruntime130\src\effekseerrendererdx11\release\effekseerrendererdx11.modelloader.obj
c:\github\gamepg_2018\tkengine2\sample\lesson13_answer\tkengine\effekseerruntime130\src\effekseerrendererdx11\release\effekseerrendererdx11.shader.obj
c:\github\gamepg_2018\tkengine2\sample\lesson13_answer\tkengine\effekseerruntime130\src\effekseerrendererdx11\release\effekseerrenderer.indexbufferbase.obj
c:\github\gamepg_2018\tkengine2\sample\lesson13_answer\tkengine\effekseerruntime130\src\effekseerrendererdx11\release\effekseerrenderer.pngtextureloader.obj
c:\github\gamepg_2018\tkengine2\sample\lesson13_answer\tkengine\effekseerruntime130\src\effekseerrendererdx11\release\effekseerrenderer.vertexbufferbase.obj
c:\github\gamepg_2018\tkengine2\sample\lesson13_answer\tkengine\effekseerruntime130\src\effekseerrendererdx11\release\effekseerrendererdx11.modelrenderer.obj
c:\github\gamepg_2018\tkengine2\sample\lesson13_answer\tkengine\effekseerruntime130\src\effekseerrendererdx11\release\effekseerrendererdx11.textureloader.obj
c:\github\gamepg_2018\tkengine2\sample\lesson13_answer\tkengine\effekseerruntime130\src\effekseerrendererdx11\release\effekseerrenderer.dxtk.ddstextureloader.obj
c:\github\gamepg_2018\tkengine2\sample\lesson13_answer\tkengine\effekseerruntime130\src\effekseerrendererdx11\release\effekseerrenderer.renderstatebase.obj
c:\github\gamepg_2018\tkengine2\sample\lesson13_answer\tkengine\effekseerruntime130\src\effekseerrendererdx11\release\effekseerrenderer.spriterendererbase.obj
c:\github\gamepg_2018\tkengine2\sample\lesson13_answer\tkengine\effekseerruntime130\src\effekseerrendererdx11\release\effekseerrendererdx11.indexbuffer.obj
c:\github\gamepg_2018\tkengine2\sample\lesson13_answer\tkengine\effekseerruntime130\src\effekseerrendererdx11\release\effekseerrendererdx11.renderstate.obj
c:\github\gamepg_2018\tkengine2\sample\lesson13_answer\tkengine\effekseerruntime130\src\effekseerrendererdx11\release\effekseerrendererdx11.vertexbuffer.obj
c:\github\gamepg_2018\tkengine2\sample\lesson14_answer\tkengine\effekseerruntime130\src\effekseerrendererdx11\release\effekseerrenderer.dxtk.ddstextureloader.obj
c:\github\gamepg_2018\tkengine2\sample\lesson14_answer\tkengine\effekseerruntime130\src\effekseerrendererdx11\release\effekseerrenderer.pngtextureloader.obj
c:\github\gamepg_2018\tkengine2\sample\lesson14_answer\tkengine\effekseerruntime130\src\effekseerrendererdx11\release\effekseerrenderer.spriterendererbase.obj
c:\github\gamepg_2018\tkengine2\sample\lesson14_answer\tkengine\effekseerruntime130\src\effekseerrendererdx11\release\effekseerrendererdx11.modelloader.obj
c:\github\gamepg_2018\tkengine2\sample\lesson14_answer\tkengine\effekseerruntime130\src\effekseerrendererdx11\release\effekseerrendererdx11.shader.obj
c:\github\gamepg_2018\tkengine2\sample\lesson14_answer\tkengine\effekseerruntime130\src\effekseerrendererdx11\release\effekseerrenderer.indexbufferbase.obj
c:\github\gamepg_2018\tkengine2\sample\lesson14_answer\tkengine\effekseerruntime130\src\effekseerrendererdx11\release\effekseerrenderer.renderstatebase.obj
c:\github\gamepg_2018\tkengine2\sample\lesson14_answer\tkengine\effekseerruntime130\src\effekseerrendererdx11\release\effekseerrenderer.trackrendererbase.obj
c:\github\gamepg_2018\tkengine2\sample\lesson14_answer\tkengine\effekseerruntime130\src\effekseerrendererdx11\release\effekseerrendererdx11.indexbuffer.obj
c:\github\gamepg_2018\tkengine2\sample\lesson14_answer\tkengine\effekseerruntime130\src\effekseerrendererdx11\release\effekseerrendererdx11.renderstate.obj
c:\github\gamepg_2018\tkengine2\sample\lesson14_answer\tkengine\effekseerruntime130\src\effekseerrendererdx11\release\effekseerrenderer.ddstextureloader.obj
c:\github\gamepg_2018\tkengine2\sample\lesson14_answer\tkengine\effekseerruntime130\src\effekseerrendererdx11\release\effekseerrenderer.renderer.obj
c:\github\gamepg_2018\tkengine2\sample\lesson14_answer\tkengine\effekseerruntime130\src\effekseerrendererdx11\release\effekseerrenderer.ringrendererbase.obj
c:\github\gamepg_2018\tkengine2\sample\lesson14_answer\tkengine\effekseerruntime130\src\effekseerrendererdx11\release\effekseerrendererdx11.deviceobject.obj
c:\github\gamepg_2018\tkengine2\sample\lesson14_answer\tkengine\effekseerruntime130\src\effekseerrendererdx11\release\effekseerrendererdx11.renderer.obj
c:\github\gamepg_2018\tkengine2\sample\lesson14_answer\tkengine\effekseerruntime130\src\effekseerrendererdx11\release\effekseerrendererdx11.vertexbuffer.obj
c:\github\gamepg_2018\tkengine2\sample\lesson14_answer\tkengine\effekseerruntime130\src\effekseerrendererdx11\release\effekseerrenderer.modelrendererbase.obj
c:\github\gamepg_2018\tkengine2\sample\lesson14_answer\tkengine\effekseerruntime130\src\effekseerrendererdx11\release\effekseerrenderer.ribbonrendererbase.obj
c:\github\gamepg_2018\tkengine2\sample\lesson14_answer\tkengine\effekseerruntime130\src\effekseerrendererdx11\release\effekseerrenderer.vertexbufferbase.obj
c:\github\gamepg_2018\tkengine2\sample\lesson14_answer\tkengine\effekseerruntime130\src\effekseerrendererdx11\release\effekseerrendererdx11.modelrenderer.obj
c:\github\gamepg_2018\tkengine2\sample\lesson14_answer\tkengine\effekseerruntime130\src\effekseerrendererdx11\release\effekseerrendererdx11.textureloader.obj
c:\github\gamepg_2018\tkengine2\sample\lesson13_answer\tkengine\effekseerruntime130\src\lib\x86\effekseerrendererdx11.release.lib
c:\github\gamepg_2018\tkengine2\sample\lesson14_answer\tkengine\effekseerruntime130\src\lib\x86\effekseerrendererdx11.release.lib
c:\github\c_purapura_3_2018\lesson_3\tkengine\effekseerruntime130\src\effekseerrendererdx11\release\effekseerrenderer.ddstextureloader.obj
c:\github\c_purapura_3_2018\lesson_3\tkengine\effekseerruntime130\src\effekseerrendererdx11\release\effekseerrenderer.dxtk.ddstextureloader.obj
c:\github\c_purapura_3_2018\lesson_3\tkengine\effekseerruntime130\src\effekseerrendererdx11\release\effekseerrenderer.indexbufferbase.obj
c:\github\c_purapura_3_2018\lesson_3\tkengine\effekseerruntime130\src\effekseerrendererdx11\release\effekseerrenderer.modelrendererbase.obj
c:\github\c_purapura_3_2018\lesson_3\tkengine\effekseerruntime130\src\effekseerrendererdx11\release\effekseerrenderer.pngtextureloader.obj
c:\github\c_purapura_3_2018\lesson_3\tkengine\effekseerruntime130\src\effekseerrendererdx11\release\effekseerrenderer.renderer.obj
c:\github\c_purapura_3_2018\lesson_3\tkengine\effekseerruntime130\src\effekseerrendererdx11\release\effekseerrenderer.renderstatebase.obj
c:\github\c_purapura_3_2018\lesson_3\tkengine\effekseerruntime130\src\effekseerrendererdx11\release\effekseerrenderer.ribbonrendererbase.obj
c:\github\c_purapura_3_2018\lesson_3\tkengine\effekseerruntime130\src\effekseerrendererdx11\release\effekseerrenderer.ringrendererbase.obj
c:\github\c_purapura_3_2018\lesson_3\tkengine\effekseerruntime130\src\effekseerrendererdx11\release\effekseerrenderer.spriterendererbase.obj
c:\github\c_purapura_3_2018\lesson_3\tkengine\effekseerruntime130\src\effekseerrendererdx11\release\effekseerrenderer.trackrendererbase.obj
c:\github\c_purapura_3_2018\lesson_3\tkengine\effekseerruntime130\src\effekseerrendererdx11\release\effekseerrenderer.vertexbufferbase.obj
c:\github\c_purapura_3_2018\lesson_3\tkengine\effekseerruntime130\src\effekseerrendererdx11\release\effekseerrendererdx11.deviceobject.obj
c:\github\c_purapura_3_2018\lesson_3\tkengine\effekseerruntime130\src\effekseerrendererdx11\release\effekseerrendererdx11.indexbuffer.obj
c:\github\c_purapura_3_2018\lesson_3\tkengine\effekseerruntime130\src\effekseerrendererdx11\release\effekseerrendererdx11.modelloader.obj
c:\github\c_purapura_3_2018\lesson_3\tkengine\effekseerruntime130\src\effekseerrendererdx11\release\effekseerrendererdx11.modelrenderer.obj
c:\github\c_purapura_3_2018\lesson_3\tkengine\effekseerruntime130\src\effekseerrendererdx11\release\effekseerrendererdx11.renderer.obj
c:\github\c_purapura_3_2018\lesson_3\tkengine\effekseerruntime130\src\effekseerrendererdx11\release\effekseerrendererdx11.renderstate.obj
c:\github\c_purapura_3_2018\lesson_3\tkengine\effekseerruntime130\src\effekseerrendererdx11\release\effekseerrendererdx11.shader.obj
c:\github\c_purapura_3_2018\lesson_3\tkengine\effekseerruntime130\src\effekseerrendererdx11\release\effekseerrendererdx11.textureloader.obj
c:\github\c_purapura_3_2018\lesson_3\tkengine\effekseerruntime130\src\effekseerrendererdx11\release\effekseerrendererdx11.vertexbuffer.obj
c:\github\c_purapura_3_2018\lesson_3\tkengine\effekseerruntime130\src\effekseerrendererdx11\..\lib\x86\effekseerrendererdx11.release.lib
c:\github\c_purapura_3_2018\lesson_3\tkengine\effekseerruntime130\src\effekseerrendererdx11\release\effeksee.4e7a02cf.tlog\cl.command.1.tlog
c:\github\c_purapura_3_2018\lesson_3\tkengine\effekseerruntime130\src\effekseerrendererdx11\release\effeksee.4e7a02cf.tlog\cl.read.1.tlog
c:\github\c_purapura_3_2018\lesson_3\tkengine\effekseerruntime130\src\effekseerrendererdx11\release\effeksee.4e7a02cf.tlog\cl.write.1.tlog
c:\github\c_purapura_3_2018\lesson_3\tkengine\effekseerruntime130\src\effekseerrendererdx11\release\effeksee.4e7a02cf.tlog\lib-link.read.1.tlog
c:\github\c_purapura_3_2018\lesson_3\tkengine\effekseerruntime130\src\effekseerrendererdx11\release\effeksee.4e7a02cf.tlog\lib-link.write.1.tlog
c:\github\c_purapura_3_2018\lesson_3\tkengine\effekseerruntime130\src\effekseerrendererdx11\release\effeksee.4e7a02cf.tlog\lib.command.1.tlog
