  Culling3D.Grid.cpp
  Culling3D.Layer.cpp
  Culling3D.Matrix44.cpp
  Culling3D.ObjectInternal.cpp
c:\github\c_purapura_3_2018\lesson_3\tkengine\effekseerruntime130\src\effekseer\effekseer\culling\Culling3D.h(152): warning C4244: 'return': 'double' から 'float' への変換です。データが失われる可能性があります。 (ソース ファイルをコンパイルしています Effekseer\Culling\Culling3D.Grid.cpp)
c:\github\c_purapura_3_2018\lesson_3\tkengine\effekseerruntime130\src\effekseer\effekseer\culling\Culling3D.h(152): warning C4244: 'return': 'double' から 'float' への変換です。データが失われる可能性があります。 (ソース ファイルをコンパイルしています Effekseer\Culling\Culling3D.Layer.cpp)
c:\github\c_purapura_3_2018\lesson_3\tkengine\effekseerruntime130\src\effekseer\effekseer\culling\Culling3D.h(152): warning C4244: 'return': 'double' から 'float' への変換です。データが失われる可能性があります。 (ソース ファイルをコンパイルしています Effekseer\Culling\Culling3D.ObjectInternal.cpp)
c:\github\c_purapura_3_2018\lesson_3\tkengine\effekseerruntime130\src\effekseer\effekseer\culling\Culling3D.h(152): warning C4244: 'return': 'double' から 'float' への変換です。データが失われる可能性があります。 (ソース ファイルをコンパイルしています Effekseer\Culling\Culling3D.Matrix44.cpp)
c:\github\c_purapura_3_2018\lesson_3\tkengine\effekseerruntime130\src\effekseer\effekseer\culling\Culling3D.ObjectInternal.h(41): warning C4244: '=': 'double' から 'float' への変換です。データが失われる可能性があります。 (ソース ファイルをコンパイルしています Effekseer\Culling\Culling3D.ObjectInternal.cpp)
  Culling3D.ReferenceObject.cpp
c:\github\c_purapura_3_2018\lesson_3\tkengine\effekseerruntime130\src\effekseer\effekseer\culling\Culling3D.h(152): warning C4244: 'return': 'double' から 'float' への変換です。データが失われる可能性があります。 (ソース ファイルをコンパイルしています Effekseer\Culling\Culling3D.ReferenceObject.cpp)
  Culling3D.Vector3DF.cpp
  Culling3D.WorldInternal.cpp
  Effekseer.Client.cpp
c:\github\c_purapura_3_2018\lesson_3\tkengine\effekseerruntime130\src\effekseer\effekseer\culling\Culling3D.h(152): warning C4244: 'return': 'double' から 'float' への変換です。データが失われる可能性があります。 (ソース ファイルをコンパイルしています Effekseer\Culling\Culling3D.WorldInternal.cpp)
c:\github\c_purapura_3_2018\lesson_3\tkengine\effekseerruntime130\src\effekseer\effekseer\culling\Culling3D.h(152): warning C4244: 'return': 'double' から 'float' への変換です。データが失われる可能性があります。 (ソース ファイルをコンパイルしています Effekseer\Culling\Culling3D.Vector3DF.cpp)
  Effekseer.Color.cpp
Effekseer\Culling\Culling3D.Vector3DF.cpp(120): warning C4244: 'return': 'double' から 'float' への変換です。データが失われる可能性があります。
  Effekseer.CriticalSection.cpp
  Effekseer.DefaultEffectLoader.cpp
  Effekseer.DefaultFile.cpp
  Effekseer.Effect.cpp
  Effekseer.EffectNode.cpp
  Effekseer.EffectNodeModel.cpp
  Effekseer.EffectNodeRibbon.cpp
  Effekseer.EffectNodeRing.cpp
  Effekseer.EffectNodeRoot.cpp
  Effekseer.EffectNodeSprite.cpp
  Effekseer.EffectNodeTrack.cpp
  Effekseer.FCurves.cpp
  Effekseer.Instance.cpp
  Effekseer.InstanceContainer.cpp
Effekseer\Effekseer.EffectNodeTrack.cpp(141): warning C4244: '初期化中': 'const float' から 'int32_t' への変換です。データが失われる可能性があります。
Effekseer\Effekseer.EffectNodeTrack.cpp(142): warning C4244: '初期化中': 'const float' から 'int32_t' への変換です。データが失われる可能性があります。
Effekseer\Effekseer.EffectNodeTrack.cpp(204): warning C4244: '初期化中': 'float' から 'int32_t' への変換です。データが失われる可能性があります。
Effekseer\Effekseer.EffectNodeTrack.cpp(205): warning C4244: '初期化中': 'float' から 'int32_t' への変換です。データが失われる可能性があります。
Effekseer\Effekseer.EffectNodeTrack.cpp(233): warning C4244: '初期化中': 'float' から 'int32_t' への変換です。データが失われる可能性があります。
Effekseer\Effekseer.EffectNodeTrack.cpp(234): warning C4244: '初期化中': 'float' から 'int32_t' への変換です。データが失われる可能性があります。
  Effekseer.InstanceGlobal.cpp
  Effekseer.InstanceGroup.cpp
Effekseer\Effekseer.Instance.cpp(1373): warning C4244: '引数': 'float' から 'int32_t' への変換です。データが失われる可能性があります。
Effekseer\Effekseer.Instance.cpp(1374): warning C4244: '引数': 'float' から 'int32_t' への変換です。データが失われる可能性があります。
Effekseer\Effekseer.Instance.cpp(1375): warning C4244: '引数': 'float' から 'int32_t' への変換です。データが失われる可能性があります。
Effekseer\Effekseer.Instance.cpp(1376): warning C4244: '引数': 'float' から 'int32_t' への変換です。データが失われる可能性があります。
  Effekseer.Setting.cpp
  Effekseer.Manager.cpp
  Effekseer.Matrix43.cpp
  Effekseer.Matrix44.cpp
  Effekseer.RectF.cpp
  Effekseer.Server.cpp
  Effekseer.Socket.cpp
  Effekseer.Thread.cpp
  Effekseer.Vector2D.cpp
  Effekseer.Vector3D.cpp
Effekseer.EffectNodeRoot.obj : warning LNK4221: このオブジェクト ファイルは、以前に未定義であったパブリック シンボルを定義していないため、このライブラリを使用するリンク操作では使用されません
  Effekseer.vcxproj -> C:\GitHub\c_purapura_3_2018\Lesson_3\tkEngine\EffekseerRuntime130\src\Effekseer\..\lib\x86\Effekseer.Debug.lib
